2025/01/16 21:01:26 handlers.go:261: Deleted paste: ID=678924001613b6155633131b, Date=2025-01-16T21:01:26+05:00
2025/01/16 21:01:51 handlers.go:94: Created paste: ID=67892d6fae4f8700f32cefdb, Title=, Date=2025-01-16T21:01:51+05:00
2025/01/16 21:02:12 handlers.go:321: Edited paste: ID=ObjectID("678923fa1613b61556331318"), Date=2025-01-16T21:02:12+05:00
2025/01/16 21:05:02 handlers.go:329: Edited paste: ID=678924ea688690e8e31364f3, Date=2025-01-16T21:05:02+05:00
2025/01/17 17:01:04 handlers.go:94: Created paste: ID=678a468053207b52e3f61769, Title=, Date=2025-01-17T17:01:04+05:00
2025/01/17 17:01:30 handlers.go:261: Deleted paste: ID=678923fa1613b61556331317, Date=2025-01-17T17:01:30+05:00
2025/01/17 17:01:35 handlers.go:261: Deleted paste: ID=678923fa1613b61556331318, Date=2025-01-17T17:01:35+05:00
2025/01/17 17:01:40 handlers.go:261: Deleted paste: ID=678924ea688690e8e31364f3, Date=2025-01-17T17:01:40+05:00
2025/01/17 17:01:42 handlers.go:261: Deleted paste: ID=678924eb688690e8e31364f4, Date=2025-01-17T17:01:42+05:00
2025/01/17 17:01:45 handlers.go:261: Deleted paste: ID=678924eb688690e8e31364f5, Date=2025-01-17T17:01:45+05:00
2025/01/17 17:01:53 handlers.go:261: Deleted paste: ID=67892522dd67c591807c7096, Date=2025-01-17T17:01:53+05:00
2025/01/17 17:02:59 handlers.go:329: Edited paste: ID=67892522dd67c591807c7097, Date=2025-01-17T17:02:59+05:00
2025/01/17 17:13:45 handlers.go:40: Error: the provided hex string is not a valid ObjectID | StatusCode: 400 | Message: Invalid paste ID
2025/01/17 17:14:37 handlers.go:40: Error: the provided hex string is not a valid ObjectID | StatusCode: 400 | Message: Invalid paste ID
2025/01/17 17:25:43 handlers.go:40: Error: the provided hex string is not a valid ObjectID | StatusCode: 400 | Message: Invalid paste ID
2025/01/17 18:03:24 handlers.go:40: Error: the provided hex string is not a valid ObjectID | StatusCode: 400 | Message: Invalid paste ID
2025/01/17 18:04:28 handlers.go:40: Error: the provided hex string is not a valid ObjectID | StatusCode: 400 | Message: Invalid paste ID
2025/01/17 18:25:54 handlers.go:341: Edited paste: ID=67891ff6e4cba4bcff2b86b4, Date=2025-01-17T18:25:54+05:00
2025/01/17 18:26:11 handlers.go:341: Edited paste: ID=67891ff6e4cba4bcff2b86b4, Date=2025-01-17T18:26:11+05:00
2025/01/17 18:26:12 handlers.go:341: Edited paste: ID=67891ff6e4cba4bcff2b86b4, Date=2025-01-17T18:26:12+05:00
2025/01/17 18:26:15 handlers.go:341: Edited paste: ID=67891ff6e4cba4bcff2b86b4, Date=2025-01-17T18:26:15+05:00
2025/01/17 18:26:17 handlers.go:341: Edited paste: ID=67891ff6e4cba4bcff2b86b4, Date=2025-01-17T18:26:17+05:00
2025/01/17 18:26:18 handlers.go:341: Edited paste: ID=67891ff6e4cba4bcff2b86b4, Date=2025-01-17T18:26:18+05:00
2025/01/17 18:26:20 handlers.go:341: Edited paste: ID=67891ff6e4cba4bcff2b86b4, Date=2025-01-17T18:26:20+05:00
2025/01/17 18:26:22 handlers.go:341: Edited paste: ID=67891ff6e4cba4bcff2b86b4, Date=2025-01-17T18:26:22+05:00
2025/01/17 18:27:40 handlers.go:341: Edited paste: ID=67891ff6e4cba4bcff2b86b4, Date=2025-01-17T18:27:40+05:00
2025/01/17 18:27:42 handlers.go:341: Edited paste: ID=67891ff6e4cba4bcff2b86b4, Date=2025-01-17T18:27:42+05:00
2025/01/17 18:27:44 handlers.go:341: Edited paste: ID=67891ff6e4cba4bcff2b86b4, Date=2025-01-17T18:27:44+05:00
2025/01/17 18:27:46 handlers.go:341: Edited paste: ID=67891ff6e4cba4bcff2b86b4, Date=2025-01-17T18:27:46+05:00
2025/01/17 18:27:48 handlers.go:341: Edited paste: ID=67891ff6e4cba4bcff2b86b4, Date=2025-01-17T18:27:48+05:00
2025/01/22 12:09:09 pasteHandlers.go:41: StatusCode: 400 | Message: Content is required
2025/01/22 12:09:09 pasteHandlers.go:41: StatusCode: 400 | Message: Content is required
2025/01/22 12:09:09 pasteHandlers.go:41: StatusCode: 400 | Message: Content is required
2025/01/22 12:09:09 pasteHandlers.go:41: StatusCode: 400 | Message: Content is required
2025/01/22 12:09:09 pasteHandlers.go:41: StatusCode: 400 | Message: Content is required
2025/01/22 12:09:09 pasteHandlers.go:41: StatusCode: 400 | Message: Content is required
2025/01/22 12:09:09 pasteHandlers.go:41: StatusCode: 400 | Message: Content is required
2025/01/22 12:09:10 pasteHandlers.go:41: StatusCode: 400 | Message: Content is required
2025/01/22 12:09:10 pasteHandlers.go:41: StatusCode: 400 | Message: Content is required
2025/01/22 12:09:10 pasteHandlers.go:41: StatusCode: 400 | Message: Content is required
2025/01/22 12:09:10 pasteHandlers.go:41: StatusCode: 400 | Message: Content is required
2025/01/29 23:00:53 pasteHandlers.go:43: StatusCode: 400 | Message: Content is required
2025/01/29 23:00:53 pasteHandlers.go:110: Created paste: ID=679a6cd55d7d818df84cb7ba, Title=, Date=2025-01-29T23:00:53+05:00
2025/01/29 23:00:54 pasteHandlers.go:41: Error: the provided hex string is not a valid ObjectID | StatusCode: 500 | Message: Invalid ID format
2025/01/29 23:04:23 pasteHandlers.go:43: StatusCode: 400 | Message: Content is required
2025/01/29 23:04:23 pasteHandlers.go:110: Created paste: ID=679a6da7025355d6f1df0874, Title=, Date=2025-01-29T23:04:23+05:00
2025/01/29 23:04:24 pasteHandlers.go:41: Error: the provided hex string is not a valid ObjectID | StatusCode: 500 | Message: Invalid ID format
2025/01/29 23:31:38 pasteHandlers.go:41: Error: the provided hex string is not a valid ObjectID | StatusCode: 500 | Message: Invalid ID format
2025/01/29 23:38:56 pasteHandlers.go:306: Deleted paste: ID=ObjectID("679a6cd55d7d818df84cb7ba"), Date=2025-01-29T23:38:56+05:00
